app/build/outputs/logs/manifest-merger-debug-report.txt
-- Merging decision tree log ---
manifest
ADDED from src/main/AndroidManifest.xml:10:1-315:12
	package
		ADDED from src/main/AndroidManifest.xml:12:5-38
		INJECTED from src/main/AndroidManifest.xml
		INJECTED from src/main/AndroidManifest.xml
	android:versionName
		INJECTED from src/main/AndroidManifest.xml
		INJECTED from src/main/AndroidManifest.xml
	xmlns:tools
		ADDED from src/main/AndroidManifest.xml:11:5-51
	xmlns:android
		ADDED from src/main/AndroidManifest.xml:10:11-69
	android:versionCode
		INJECTED from src/main/AndroidManifest.xml
		INJECTED from src/main/AndroidManifest.xml
uses-feature#android.hardware.location
ADDED from src/main/AndroidManifest.xml:14:5-16:36
	android:required
		ADDED from src/main/AndroidManifest.xml:16:9-33
	android:name
		ADDED from src/main/AndroidManifest.xml:15:9-49
uses-feature#android.hardware.location.network
ADDED from src/main/AndroidManifest.xml:17:5-19:36
MERGED from [org.osmdroid:osmdroid-android:5.6.4] AndroidManifest.xml:24:5-26:36
	android:required
		ADDED from src/main/AndroidManifest.xml:19:9-33
	android:name
		ADDED from src/main/AndroidManifest.xml:18:9-57
uses-feature#android.hardware.location.gps
ADDED from src/main/AndroidManifest.xml:20:5-22:36
MERGED from [org.osmdroid:osmdroid-android:5.6.4] AndroidManifest.xml:27:5-29:36
	android:required
		ADDED from src/main/AndroidManifest.xml:22:9-33
	android:name
		ADDED from src/main/AndroidManifest.xml:21:9-53
uses-feature#android.hardware.telephony
ADDED from src/main/AndroidManifest.xml:23:5-25:36
MERGED from [org.osmdroid:osmdroid-android:5.6.4] AndroidManifest.xml:30:5-32:36
	android:required
		ADDED from src/main/AndroidManifest.xml:25:9-33
	android:name
		ADDED from src/main/AndroidManifest.xml:24:9-50
uses-feature#android.hardware.wifi
ADDED from src/main/AndroidManifest.xml:26:5-28:36
MERGED from [org.osmdroid:osmdroid-android:5.6.4] AndroidManifest.xml:33:5-35:36
	android:required
		ADDED from src/main/AndroidManifest.xml:28:9-33
	android:name
		ADDED from src/main/AndroidManifest.xml:27:9-45
uses-permission#android.permission.READ_PHONE_STATE
ADDED from src/main/AndroidManifest.xml:30:5-75
	android:name
		ADDED from src/main/AndroidManifest.xml:30:22-72
uses-permission#android.permission.ACCESS_WIFI_STATE
ADDED from src/main/AndroidManifest.xml:31:5-76
MERGED from [org.osmdroid:osmdroid-android:5.6.4] AndroidManifest.xml:18:5-76
	android:name
		ADDED from src/main/AndroidManifest.xml:31:22-73
uses-permission#android.permission.INTERNET
ADDED from src/main/AndroidManifest.xml:32:5-67
MERGED from [com.google.android.gms:play-services-analytics:10.0.1] AndroidManifest.xml:20:5-66
MERGED from [com.google.android.gms:play-services-analytics-impl:10.0.1] AndroidManifest.xml:20:5-66
MERGED from [com.google.android.gms:play-services-maps:10.0.1] AndroidManifest.xml:20:5-66
MERGED from [com.google.firebase:firebase-crash:10.0.1] AndroidManifest.xml:18:5-66
MERGED from [com.google.firebase:firebase-analytics:10.0.1] AndroidManifest.xml:20:5-66
MERGED from [com.google.firebase:firebase-analytics-impl:10.0.1] AndroidManifest.xml:20:5-66
MERGED from [com.google.firebase:firebase-iid:10.0.1] AndroidManifest.xml:20:5-66
MERGED from [org.osmdroid:osmdroid-android:5.6.4] AndroidManifest.xml:20:5-67
	android:name
		ADDED from src/main/AndroidManifest.xml:32:22-64
uses-permission#android.permission.ACCESS_FINE_LOCATION
ADDED from src/main/AndroidManifest.xml:33:5-79
MERGED from [org.osmdroid:osmdroid-android:5.6.4] AndroidManifest.xml:16:5-79
	android:name
		ADDED from src/main/AndroidManifest.xml:33:22-76
uses-permission#android.permission.ACCESS_COARSE_LOCATION
ADDED from src/main/AndroidManifest.xml:34:5-81
MERGED from [org.osmdroid:osmdroid-android:5.6.4] AndroidManifest.xml:17:5-81
	android:name
		ADDED from src/main/AndroidManifest.xml:34:22-78
uses-permission#android.permission.READ_EXTERNAL_STORAGE
ADDED from src/main/AndroidManifest.xml:35:5-80
MERGED from [org.osmdroid:osmdroid-android:5.6.4] AndroidManifest.xml:22:5-80
	android:name
		ADDED from src/main/AndroidManifest.xml:35:22-77
uses-permission#android.permission.WRITE_EXTERNAL_STORAGE
ADDED from src/main/AndroidManifest.xml:36:5-81
MERGED from [org.osmdroid:osmdroid-android:5.6.4] AndroidManifest.xml:21:5-81
	android:name
		ADDED from src/main/AndroidManifest.xml:36:22-78
uses-permission#android.permission.GET_ACCOUNTS
ADDED from src/main/AndroidManifest.xml:37:5-71
	android:name
		ADDED from src/main/AndroidManifest.xml:37:22-68
uses-permission#android.permission.USE_CREDENTIALS
ADDED from src/main/AndroidManifest.xml:38:5-74
	android:name
		ADDED from src/main/AndroidManifest.xml:38:22-71
uses-permission#android.permission.ACCESS_NETWORK_STATE
ADDED from src/main/AndroidManifest.xml:39:5-79
MERGED from [com.google.android.gms:play-services-analytics:10.0.1] AndroidManifest.xml:21:5-78
MERGED from [com.google.android.gms:play-services-analytics-impl:10.0.1] AndroidManifest.xml:21:5-78
MERGED from [com.google.android.gms:play-services-maps:10.0.1] AndroidManifest.xml:19:5-78
MERGED from [com.google.firebase:firebase-analytics:10.0.1] AndroidManifest.xml:21:5-78
MERGED from [com.google.firebase:firebase-analytics-impl:10.0.1] AndroidManifest.xml:21:5-78
MERGED from [com.google.firebase:firebase-iid:10.0.1] AndroidManifest.xml:19:5-78
MERGED from [org.osmdroid:osmdroid-android:5.6.4] AndroidManifest.xml:19:5-79
	android:name
		ADDED from src/main/AndroidManifest.xml:39:22-76
uses-permission#android.permission.MANAGE_ACCOUNTS
ADDED from src/main/AndroidManifest.xml:40:5-74
	android:name
		ADDED from src/main/AndroidManifest.xml:40:22-71
uses-permission#android.permission.WAKE_LOCK
ADDED from src/main/AndroidManifest.xml:42:5-68
MERGED from [com.google.android.gms:play-services-analytics:10.0.1] AndroidManifest.xml:24:5-67
MERGED from [com.google.android.gms:play-services-analytics-impl:10.0.1] AndroidManifest.xml:24:5-67
MERGED from [com.google.firebase:firebase-analytics:10.0.1] AndroidManifest.xml:22:5-67
MERGED from [com.google.firebase:firebase-analytics-impl:10.0.1] AndroidManifest.xml:22:5-67
MERGED from [com.google.firebase:firebase-iid:10.0.1] AndroidManifest.xml:21:5-67
	android:name
		ADDED from src/main/AndroidManifest.xml:42:22-65
uses-feature#0x00020000
ADDED from src/main/AndroidManifest.xml:44:5-46:35
MERGED from [com.google.android.gms:play-services-maps:10.0.1] AndroidManifest.xml:21:5-77
	android:glEsVersion
		ADDED from src/main/AndroidManifest.xml:45:9-41
	android:required
		ADDED from src/main/AndroidManifest.xml:46:9-32
permission#org.odk.collect.android.permission.MAPS_RECEIVE
ADDED from src/main/AndroidManifest.xml:55:5-57:47
	android:protectionLevel
		ADDED from src/main/AndroidManifest.xml:57:9-44
	android:name
		ADDED from src/main/AndroidManifest.xml:56:9-71
uses-permission#org.odk.collect.android.permission.MAPS_RECEIVE
ADDED from src/main/AndroidManifest.xml:59:5-87
	android:name
		ADDED from src/main/AndroidManifest.xml:59:22-84
uses-permission#com.google.android.providers.gsf.permission.READ_GSERVICES
ADDED from src/main/AndroidManifest.xml:60:5-98
	android:name
		ADDED from src/main/AndroidManifest.xml:60:22-95
supports-screens
ADDED from src/main/AndroidManifest.xml:62:5-68:40
MERGED from [org.osmdroid:osmdroid-android:5.6.4] AndroidManifest.xml:11:5-14:40
	android:largeScreens
		ADDED from src/main/AndroidManifest.xml:64:9-36
	android:smallScreens
		ADDED from src/main/AndroidManifest.xml:67:9-36
	android:normalScreens
		ADDED from src/main/AndroidManifest.xml:65:9-37
	android:xlargeScreens
		ADDED from src/main/AndroidManifest.xml:68:9-37
	android:resizeable
		ADDED from src/main/AndroidManifest.xml:66:9-34
	android:anyDensity
		ADDED from src/main/AndroidManifest.xml:63:9-34
application
ADDED from src/main/AndroidManifest.xml:70:5-313:19
MERGED from [com.google.android.gms:play-services-analytics:10.0.1] AndroidManifest.xml:26:5-19
MERGED from [com.google.android.gms:play-services-tagmanager-v4-impl:10.0.1] AndroidManifest.xml:19:5-19
MERGED from [com.google.android.gms:play-services-analytics-impl:10.0.1] AndroidManifest.xml:26:5-19
MERGED from [com.google.android.gms:play-services-auth:10.0.1] AndroidManifest.xml:19:5-25:19
MERGED from [com.google.android.gms:play-services-maps:10.0.1] AndroidManifest.xml:24:5-19
MERGED from [com.google.android.gms:play-services-base:10.0.1] AndroidManifest.xml:18:5-20:19
MERGED from [com.google.firebase:firebase-core:10.0.1] AndroidManifest.xml:5:5-20
MERGED from [com.google.firebase:firebase-crash:10.0.1] AndroidManifest.xml:22:5-23:19
MERGED from [com.google.firebase:firebase-analytics:10.0.1] AndroidManifest.xml:24:5-33:19
MERGED from [com.google.firebase:firebase-analytics-impl:10.0.1] AndroidManifest.xml:24:5-28:19
MERGED from [com.google.firebase:firebase-iid:10.0.1] AndroidManifest.xml:28:5-50:19
MERGED from [com.google.firebase:firebase-common:10.0.1] AndroidManifest.xml:4:5-7:19
MERGED from [com.google.android.gms:play-services-tasks:10.0.1] AndroidManifest.xml:4:5-19
MERGED from [com.google.android.gms:play-services-basement:10.0.1] AndroidManifest.xml:19:5-21:19
MERGED from [pub.devrel:easypermissions:0.2.1] AndroidManifest.xml:12:5-20
MERGED from [com.jakewharton.timber:timber:4.5.1] AndroidManifest.xml:8:5-20
MERGED from [com.android.support:customtabs:25.3.1] AndroidManifest.xml:26:5-20
MERGED from [com.android.support:support-v13:25.3.1] AndroidManifest.xml:29:5-20
MERGED from [com.android.support:design:25.3.1] AndroidManifest.xml:29:5-20
MERGED from [com.android.support:appcompat-v7:25.3.1] AndroidManifest.xml:29:5-20
MERGED from [com.android.support:animated-vector-drawable:25.3.1] AndroidManifest.xml:26:5-20
MERGED from [com.android.support:support-vector-drawable:25.3.1] AndroidManifest.xml:26:5-20
MERGED from [com.android.support:transition:25.3.1] AndroidManifest.xml:26:5-20
MERGED from [com.android.support:support-v4:25.3.1] AndroidManifest.xml:29:5-20
MERGED from [com.android.support:support-fragment:25.3.1] AndroidManifest.xml:29:5-20
MERGED from [com.android.support:support-media-compat:25.3.1] AndroidManifest.xml:29:5-20
MERGED from [com.android.support:support-core-utils:25.3.1] AndroidManifest.xml:29:5-20
MERGED from [com.android.support:cardview-v7:25.3.1] AndroidManifest.xml:26:5-20
MERGED from [com.android.support:support-core-ui:25.3.1] AndroidManifest.xml:29:5-20
MERGED from [com.android.support:support-compat:25.3.1] AndroidManifest.xml:29:5-20
MERGED from [com.android.support.constraint:constraint-layout:1.0.2] AndroidManifest.xml:9:5-20
MERGED from [com.android.volley:volley:1.0.0] AndroidManifest.xml:9:5-20
	android:label
		ADDED from src/main/AndroidManifest.xml:74:9-41
	android:supportsRtl
		ADDED from src/main/AndroidManifest.xml:76:9-35
	android:icon
		ADDED from src/main/AndroidManifest.xml:72:9-43
	android:installLocation
		ADDED from src/main/AndroidManifest.xml:73:9-39
	android:largeHeap
		ADDED from src/main/AndroidManifest.xml:75:9-33
	android:theme
		ADDED from src/main/AndroidManifest.xml:77:9-52
	android:name
		ADDED from src/main/AndroidManifest.xml:71:9-44
provider#org.odk.collect.android.provider.FormsProvider
ADDED from src/main/AndroidManifest.xml:78:9-81:39
	android:authorities
		ADDED from src/main/AndroidManifest.xml:80:13-77
	android:exported
		ADDED from src/main/AndroidManifest.xml:81:13-36
	android:name
		ADDED from src/main/AndroidManifest.xml:79:13-51
provider#org.odk.collect.android.provider.InstanceProvider
ADDED from src/main/AndroidManifest.xml:82:9-85:39
	android:authorities
		ADDED from src/main/AndroidManifest.xml:84:13-81
	android:exported
		ADDED from src/main/AndroidManifest.xml:85:13-36
	android:name
		ADDED from src/main/AndroidManifest.xml:83:13-54
activity#org.odk.collect.android.activities.MainMenuActivity
ADDED from src/main/AndroidManifest.xml:87:9-90:48
	android:label
		ADDED from src/main/AndroidManifest.xml:90:13-45
	android:configChanges
		ADDED from src/main/AndroidManifest.xml:89:13-66
	android:name
		ADDED from src/main/AndroidManifest.xml:88:13-56
activity#org.odk.collect.android.activities.FormEntryActivity
ADDED from src/main/AndroidManifest.xml:91:9-106:20
	android:label
		ADDED from src/main/AndroidManifest.xml:94:13-45
	android:windowSoftInputMode
		ADDED from src/main/AndroidManifest.xml:96:13-55
	android:configChanges
		ADDED from src/main/AndroidManifest.xml:93:13-74
	android:theme
		ADDED from src/main/AndroidManifest.xml:95:13-56
	android:name
		ADDED from src/main/AndroidManifest.xml:92:13-57
intent-filter#android.intent.action.EDIT+android.intent.action.VIEW+android.intent.category.DEFAULT
ADDED from src/main/AndroidManifest.xml:97:13-105:29
action#android.intent.action.VIEW
ADDED from src/main/AndroidManifest.xml:98:17-69
	android:name
		ADDED from src/main/AndroidManifest.xml:98:25-66
action#android.intent.action.EDIT
ADDED from src/main/AndroidManifest.xml:99:17-69
	android:name
		ADDED from src/main/AndroidManifest.xml:99:25-66
category#android.intent.category.DEFAULT
ADDED from src/main/AndroidManifest.xml:101:17-76
	android:name
		ADDED from src/main/AndroidManifest.xml:101:27-73
data
ADDED from src/main/AndroidManifest.xml:103:17-81
	android:mimeType
		ADDED from src/main/AndroidManifest.xml:103:23-78
activity#org.odk.collect.android.activities.NotificationActivity
ADDED from src/main/AndroidManifest.xml:107:9-112:39
	android:label
		ADDED from src/main/AndroidManifest.xml:110:13-45
	android:excludeFromRecents
		ADDED from src/main/AndroidManifest.xml:109:13-46
	android:launchMode
		ADDED from src/main/AndroidManifest.xml:111:13-44
	android:taskAffinity
		ADDED from src/main/AndroidManifest.xml:112:13-36
	android:name
		ADDED from src/main/AndroidManifest.xml:108:13-60
activity#org.odk.collect.android.activities.DrawActivity
ADDED from src/main/AndroidManifest.xml:113:9-115:48
	android:label
		ADDED from src/main/AndroidManifest.xml:115:13-45
	android:name
		ADDED from src/main/AndroidManifest.xml:114:13-52
activity#org.odk.collect.android.activities.OpenSourceLicensesActivity
ADDED from src/main/AndroidManifest.xml:116:9-118:64
	android:label
		ADDED from src/main/AndroidManifest.xml:118:13-61
	android:name
		ADDED from src/main/AndroidManifest.xml:117:13-66
activity#org.odk.collect.android.activities.GoogleDriveActivity
ADDED from src/main/AndroidManifest.xml:119:9-123:57
	android:label
		ADDED from src/main/AndroidManifest.xml:122:13-45
	android:windowSoftInputMode
		ADDED from src/main/AndroidManifest.xml:123:13-54
	android:configChanges
		ADDED from src/main/AndroidManifest.xml:121:13-59
	android:name
		ADDED from src/main/AndroidManifest.xml:120:13-59
activity#org.odk.collect.android.activities.InstanceChooserList
ADDED from src/main/AndroidManifest.xml:124:9-127:61
	android:label
		ADDED from src/main/AndroidManifest.xml:126:13-45
	android:theme
		ADDED from src/main/AndroidManifest.xml:127:13-58
	android:name
		ADDED from src/main/AndroidManifest.xml:125:13-59
activity#org.odk.collect.android.activities.FormChooserList
ADDED from src/main/AndroidManifest.xml:138:9-151:20
	android:label
		ADDED from src/main/AndroidManifest.xml:140:13-45
	android:theme
		ADDED from src/main/AndroidManifest.xml:141:13-58
	android:name
		ADDED from src/main/AndroidManifest.xml:139:13-55
intent-filter#android.intent.action.EDIT+android.intent.action.PICK+android.intent.action.VIEW+android.intent.category.DEFAULT
ADDED from src/main/AndroidManifest.xml:142:13-150:29
action#android.intent.action.PICK
ADDED from src/main/AndroidManifest.xml:145:17-69
	android:name
		ADDED from src/main/AndroidManifest.xml:145:25-66
activity#org.odk.collect.android.activities.FormDownloadList
ADDED from src/main/AndroidManifest.xml:152:9-155:61
	android:label
		ADDED from src/main/AndroidManifest.xml:154:13-45
	android:theme
		ADDED from src/main/AndroidManifest.xml:155:13-58
	android:name
		ADDED from src/main/AndroidManifest.xml:153:13-56
activity#org.odk.collect.android.activities.FileManagerTabs
ADDED from src/main/AndroidManifest.xml:156:9-159:48
	android:label
		ADDED from src/main/AndroidManifest.xml:159:13-45
	android:configChanges
		ADDED from src/main/AndroidManifest.xml:158:13-59
	android:name
		ADDED from src/main/AndroidManifest.xml:157:13-55
activity#org.odk.collect.android.activities.GoogleSheetsUploaderActivity
ADDED from src/main/AndroidManifest.xml:160:9-163:48
	android:label
		ADDED from src/main/AndroidManifest.xml:163:13-45
	android:configChanges
		ADDED from src/main/AndroidManifest.xml:162:13-59
	android:name
		ADDED from src/main/AndroidManifest.xml:161:13-68
activity#org.odk.collect.android.activities.InstanceUploaderList
ADDED from src/main/AndroidManifest.xml:164:9-175:20
	android:label
		ADDED from src/main/AndroidManifest.xml:167:13-45
	android:configChanges
		ADDED from src/main/AndroidManifest.xml:166:13-59
	android:theme
		ADDED from src/main/AndroidManifest.xml:168:13-58
	android:name
		ADDED from src/main/AndroidManifest.xml:165:13-60
activity#org.odk.collect.android.activities.InstanceUploaderActivity
ADDED from src/main/AndroidManifest.xml:176:9-178:48
	android:label
		ADDED from src/main/AndroidManifest.xml:178:13-45
	android:name
		ADDED from src/main/AndroidManifest.xml:177:13-64
activity#org.odk.collect.android.preferences.AboutPreferencesActivity
ADDED from src/main/AndroidManifest.xml:179:9-182:48
	android:label
		ADDED from src/main/AndroidManifest.xml:182:13-45
	android:theme
		ADDED from src/main/AndroidManifest.xml:181:13-64
	android:name
		ADDED from src/main/AndroidManifest.xml:180:13-65
activity#org.odk.collect.android.preferences.PreferencesActivity
ADDED from src/main/AndroidManifest.xml:183:9-186:48
	android:label
		ADDED from src/main/AndroidManifest.xml:186:13-45
	android:theme
		ADDED from src/main/AndroidManifest.xml:185:13-64
	android:name
		ADDED from src/main/AndroidManifest.xml:184:13-60
activity#org.odk.collect.android.preferences.GooglePreferencesActivity
ADDED from src/main/AndroidManifest.xml:187:9-190:48
	android:label
		ADDED from src/main/AndroidManifest.xml:190:13-45
	android:theme
		ADDED from src/main/AndroidManifest.xml:189:13-64
	android:name
		ADDED from src/main/AndroidManifest.xml:188:13-66
activity#org.odk.collect.android.preferences.OtherPreferencesActivity
ADDED from src/main/AndroidManifest.xml:191:9-194:48
	android:label
		ADDED from src/main/AndroidManifest.xml:194:13-45
	android:theme
		ADDED from src/main/AndroidManifest.xml:193:13-64
	android:name
		ADDED from src/main/AndroidManifest.xml:192:13-65
activity#org.odk.collect.android.preferences.AggregatePreferencesActivity
ADDED from src/main/AndroidManifest.xml:195:9-198:48
	android:label
		ADDED from src/main/AndroidManifest.xml:198:13-45
	android:theme
		ADDED from src/main/AndroidManifest.xml:197:13-64
	android:name
		ADDED from src/main/AndroidManifest.xml:196:13-69
activity#org.odk.collect.android.preferences.FormMetadataActivity
ADDED from src/main/AndroidManifest.xml:199:9-201:59
	android:label
		ADDED from src/main/AndroidManifest.xml:201:13-56
	android:name
		ADDED from src/main/AndroidManifest.xml:200:13-61
activity#org.odk.collect.android.preferences.AdminPreferencesActivity
ADDED from src/main/AndroidManifest.xml:202:9-205:48
	android:label
		ADDED from src/main/AndroidManifest.xml:205:13-45
	android:theme
		ADDED from src/main/AndroidManifest.xml:204:13-64
	android:name
		ADDED from src/main/AndroidManifest.xml:203:13-65
activity#org.odk.collect.android.activities.FormHierarchyActivity
ADDED from src/main/AndroidManifest.xml:206:9-208:48
	android:label
		ADDED from src/main/AndroidManifest.xml:208:13-45
	android:name
		ADDED from src/main/AndroidManifest.xml:207:13-61
activity#org.odk.collect.android.activities.GeoPointActivity
ADDED from src/main/AndroidManifest.xml:209:9-211:48
	android:label
		ADDED from src/main/AndroidManifest.xml:211:13-45
	android:name
		ADDED from src/main/AndroidManifest.xml:210:13-56
activity#org.odk.collect.android.activities.GeoPointMapActivity
ADDED from src/main/AndroidManifest.xml:212:9-215:48
	android:label
		ADDED from src/main/AndroidManifest.xml:215:13-45
	android:configChanges
		ADDED from src/main/AndroidManifest.xml:214:13-48
	android:name
		ADDED from src/main/AndroidManifest.xml:213:13-59
activity#org.odk.collect.android.activities.GeoPointOsmMapActivity
ADDED from src/main/AndroidManifest.xml:219:9-222:48
	android:label
		ADDED from src/main/AndroidManifest.xml:222:13-45
	android:configChanges
		ADDED from src/main/AndroidManifest.xml:221:13-48
	android:name
		ADDED from src/main/AndroidManifest.xml:220:13-62
activity#org.odk.collect.android.activities.GeoShapeOsmMapActivity
ADDED from src/main/AndroidManifest.xml:223:9-226:48
	android:label
		ADDED from src/main/AndroidManifest.xml:226:13-45
	android:configChanges
		ADDED from src/main/AndroidManifest.xml:225:13-48
	android:name
		ADDED from src/main/AndroidManifest.xml:224:13-62
activity#org.odk.collect.android.activities.GeoShapeGoogleMapActivity
ADDED from src/main/AndroidManifest.xml:227:9-230:48
	android:label
		ADDED from src/main/AndroidManifest.xml:230:13-45
	android:configChanges
		ADDED from src/main/AndroidManifest.xml:229:13-48
	android:name
		ADDED from src/main/AndroidManifest.xml:228:13-65
activity#org.odk.collect.android.activities.GeoTraceOsmMapActivity
ADDED from src/main/AndroidManifest.xml:231:9-234:48
	android:label
		ADDED from src/main/AndroidManifest.xml:234:13-45
	android:configChanges
		ADDED from src/main/AndroidManifest.xml:233:13-48
	android:name
		ADDED from src/main/AndroidManifest.xml:232:13-62
activity#org.odk.collect.android.activities.GeoTraceGoogleMapActivity
ADDED from src/main/AndroidManifest.xml:235:9-238:48
	android:label
		ADDED from src/main/AndroidManifest.xml:238:13-45
	android:configChanges
		ADDED from src/main/AndroidManifest.xml:237:13-48
	android:name
		ADDED from src/main/AndroidManifest.xml:236:13-65
activity#org.odk.collect.android.activities.BearingActivity
ADDED from src/main/AndroidManifest.xml:239:9-241:48
	android:label
		ADDED from src/main/AndroidManifest.xml:241:13-45
	android:name
		ADDED from src/main/AndroidManifest.xml:240:13-55
activity#org.odk.collect.android.activities.SplashScreenActivity
ADDED from src/main/AndroidManifest.xml:242:9-251:20
	android:label
		ADDED from src/main/AndroidManifest.xml:244:13-45
	android:name
		ADDED from src/main/AndroidManifest.xml:243:13-60
intent-filter#android.intent.action.MAIN+android.intent.category.DEFAULT+android.intent.category.LAUNCHER
ADDED from src/main/AndroidManifest.xml:245:13-250:29
action#android.intent.action.MAIN
ADDED from src/main/AndroidManifest.xml:246:17-69
	android:name
		ADDED from src/main/AndroidManifest.xml:246:25-66
category#android.intent.category.LAUNCHER
ADDED from src/main/AndroidManifest.xml:249:17-77
	android:name
		ADDED from src/main/AndroidManifest.xml:249:27-74
activity#org.odk.collect.android.activities.AndroidShortcuts
ADDED from src/main/AndroidManifest.xml:253:9-262:20
	android:label
		ADDED from src/main/AndroidManifest.xml:255:13-37
	android:theme
		ADDED from src/main/AndroidManifest.xml:256:13-72
	android:name
		ADDED from src/main/AndroidManifest.xml:254:13-56
intent-filter#android.intent.action.CREATE_SHORTCUT+android.intent.category.DEFAULT
ADDED from src/main/AndroidManifest.xml:257:13-261:29
action#android.intent.action.CREATE_SHORTCUT
ADDED from src/main/AndroidManifest.xml:258:17-80
	android:name
		ADDED from src/main/AndroidManifest.xml:258:25-77
receiver#org.odk.collect.android.receivers.NetworkReceiver
ADDED from src/main/AndroidManifest.xml:264:9-273:20
	android:enabled
		ADDED from src/main/AndroidManifest.xml:266:13-35
	android:name
		ADDED from src/main/AndroidManifest.xml:265:13-54
intent-filter#android.net.conn.CONNECTIVITY_CHANGE
ADDED from src/main/AndroidManifest.xml:267:13-269:29
action#android.net.conn.CONNECTIVITY_CHANGE
ADDED from src/main/AndroidManifest.xml:268:17-79
	android:name
		ADDED from src/main/AndroidManifest.xml:268:25-76
intent-filter#org.odk.collect.android.FormSaved
ADDED from src/main/AndroidManifest.xml:270:13-272:29
action#org.odk.collect.android.FormSaved
ADDED from src/main/AndroidManifest.xml:271:17-76
	android:name
		ADDED from src/main/AndroidManifest.xml:271:25-73
receiver#com.google.android.gms.analytics.AnalyticsReceiver
ADDED from src/main/AndroidManifest.xml:278:9-284:20
	android:enabled
		ADDED from src/main/AndroidManifest.xml:280:13-35
	android:name
		ADDED from src/main/AndroidManifest.xml:279:13-78
intent-filter#com.google.android.gms.analytics.ANALYTICS_DISPATCH
ADDED from src/main/AndroidManifest.xml:281:13-283:29
action#com.google.android.gms.analytics.ANALYTICS_DISPATCH
ADDED from src/main/AndroidManifest.xml:282:17-94
	android:name
		ADDED from src/main/AndroidManifest.xml:282:25-91
service#com.google.android.gms.analytics.AnalyticsService
ADDED from src/main/AndroidManifest.xml:286:9-289:40
	android:enabled
		ADDED from src/main/AndroidManifest.xml:288:13-35
	android:exported
		ADDED from src/main/AndroidManifest.xml:289:13-37
	android:name
		ADDED from src/main/AndroidManifest.xml:287:13-77
meta-data#com.google.android.geo.API_KEY
ADDED from src/main/AndroidManifest.xml:292:9-294:71
	android:value
		ADDED from src/main/AndroidManifest.xml:294:13-68
	android:name
		ADDED from src/main/AndroidManifest.xml:293:13-58
meta-data#com.google.android.gms.version
ADDED from src/main/AndroidManifest.xml:295:9-298:45
MERGED from [com.google.android.gms:play-services-basement:10.0.1] AndroidManifest.xml:20:9-121
	android:value
		ADDED from src/main/AndroidManifest.xml:297:13-66
		REJECTED from [com.google.android.gms:play-services-basement:10.0.1] AndroidManifest.xml:20:66-119
	tools:replace
		ADDED from src/main/AndroidManifest.xml:298:13-42
	android:name
		ADDED from src/main/AndroidManifest.xml:296:13-58
uses-library#com.google.android.maps
ADDED from src/main/AndroidManifest.xml:300:9-302:40
	android:required
		ADDED from src/main/AndroidManifest.xml:302:13-37
	android:name
		ADDED from src/main/AndroidManifest.xml:301:13-51
activity#org.odk.collect.android.collectiva.CollectivaLoginActivity
ADDED from src/main/AndroidManifest.xml:304:9-72
	android:name
		ADDED from src/main/AndroidManifest.xml:304:19-69
activity#org.odk.collect.android.collectiva.CollectivaMenuMainActivity
ADDED from src/main/AndroidManifest.xml:305:9-75
	android:name
		ADDED from src/main/AndroidManifest.xml:305:19-72
activity#org.odk.collect.android.activities.CollectivaListRespons
ADDED from src/main/AndroidManifest.xml:306:9-310:20
	android:name
		ADDED from src/main/AndroidManifest.xml:306:19-67
meta-data#android.app.searchable
ADDED from src/main/AndroidManifest.xml:307:13-309:54
	android:resource
		ADDED from src/main/AndroidManifest.xml:309:17-51
	android:name
		ADDED from src/main/AndroidManifest.xml:308:17-54
activity#org.odk.collect.android.collectiva.CollectivaPreferences
ADDED from src/main/AndroidManifest.xml:311:9-79
	android:name
		ADDED from src/main/AndroidManifest.xml:311:19-67
activity#org.odk.collect.android.activities.PermissionActivity
ADDED from src/main/AndroidManifest.xml:312:9-76
	android:name
		ADDED from src/main/AndroidManifest.xml:312:19-64
uses-sdk
INJECTED from src/main/AndroidManifest.xml reason: use-sdk injection requested
MERGED from [com.android.support:multidex:1.0.1] AndroidManifest.xml:18:5-42
MERGED from [com.google.android.gms:play-services-analytics:10.0.1] AndroidManifest.xml:17:5-42
MERGED from [com.google.android.gms:play-services-tagmanager-v4-impl:10.0.1] AndroidManifest.xml:17:5-42
MERGED from [com.google.android.gms:play-services-analytics-impl:10.0.1] AndroidManifest.xml:17:5-42
MERGED from [com.google.android.gms:play-services-auth:10.0.1] AndroidManifest.xml:17:5-42
MERGED from [com.google.android.gms:play-services-auth-base:10.0.1] AndroidManifest.xml:4:5-42
MERGED from [com.google.android.gms:play-services-maps:10.0.1] AndroidManifest.xml:23:5-42
MERGED from [com.google.android.gms:play-services-base:10.0.1] AndroidManifest.xml:17:5-42
MERGED from [com.google.firebase:firebase-core:10.0.1] AndroidManifest.xml:4:5-42
MERGED from [com.google.firebase:firebase-crash:10.0.1] AndroidManifest.xml:20:5-42
MERGED from [com.google.firebase:firebase-analytics:10.0.1] AndroidManifest.xml:17:5-42
MERGED from [com.google.firebase:firebase-analytics-impl:10.0.1] AndroidManifest.xml:17:5-42
MERGED from [com.google.firebase:firebase-iid:10.0.1] AndroidManifest.xml:17:5-42
MERGED from [com.google.firebase:firebase-common:10.0.1] AndroidManifest.xml:3:5-42
MERGED from [com.google.android.gms:play-services-tasks:10.0.1] AndroidManifest.xml:3:5-42
MERGED from [com.google.android.gms:play-services-basement:10.0.1] AndroidManifest.xml:17:5-42
MERGED from [org.osmdroid:osmdroid-android:5.6.4] AndroidManifest.xml:7:5-9:41
MERGED from [pub.devrel:easypermissions:0.2.1] AndroidManifest.xml:8:5-10:41
MERGED from [com.jakewharton.timber:timber:4.5.1] AndroidManifest.xml:6:5-43
MERGED from [com.android.support:customtabs:25.3.1] AndroidManifest.xml:20:5-44
MERGED from [com.mikepenz:materialdrawer:5.9.1] AndroidManifest.xml:8:5-10:41
MERGED from [com.mikepenz:materialize:1.0.1] AndroidManifest.xml:8:5-10:41
MERGED from [com.mikepenz:iconics-core:2.8.4] AndroidManifest.xml:8:5-10:41
MERGED from [com.mikepenz:fastadapter:2.5.2] AndroidManifest.xml:8:5-10:41
MERGED from [collectiva-collect:slidingmenu:unspecified] AndroidManifest.xml:7:5-9:41
MERGED from [com.android.support:support-v13:25.3.1] AndroidManifest.xml:21:5-23:55
MERGED from [com.android.support:design:25.3.1] AndroidManifest.xml:21:5-23:62
MERGED from [com.android.support:appcompat-v7:25.3.1] AndroidManifest.xml:21:5-23:78
MERGED from [com.android.support:animated-vector-drawable:25.3.1] AndroidManifest.xml:20:5-44
MERGED from [com.android.support:support-vector-drawable:25.3.1] AndroidManifest.xml:20:5-43
MERGED from [com.android.support:transition:25.3.1] AndroidManifest.xml:20:5-44
MERGED from [com.android.support:support-v4:25.3.1] AndroidManifest.xml:21:5-23:54